0 info it worked if it ends with ok
1 verbose cli [ '/Users/david/.nvm/versions/io.js/v1.6.3/bin/iojs',
1 verbose cli   '/Users/david/.nvm/versions/io.js/v1.6.3/bin/npm',
1 verbose cli   'install' ]
2 info using npm@2.7.4
3 info using node@v1.6.3
4 warn package.json react-flexbox-svg@0.9.0 No repository field.
5 verbose install where, deps [ '/Users/david/git/react-flexbox-svg',
5 verbose install   [ 'css-layout',
5 verbose install     'wolfy87-eventemitter',
5 verbose install     'babel',
5 verbose install     'babel-core',
5 verbose install     'babel-loader',
5 verbose install     'babel-runtime',
5 verbose install     'webpack',
5 verbose install     'webpack-dev-server' ] ]
6 verbose install peerDependency react wasn't going to be installed; adding
7 warn peerDependencies The peer dependency react included from react-flexbox-svg will no
8 warn peerDependencies longer be automatically installed to fulfill the peerDependency
9 warn peerDependencies in npm 3+. Your application will need to depend on it explicitly.
10 verbose install where, peers [ '/Users/david/git/react-flexbox-svg', [ 'react' ] ]
11 info preinstall react-flexbox-svg@0.9.0
12 verbose already installed skipping babel-runtime@^5.1.11 /Users/david/git/react-flexbox-svg
13 verbose already installed skipping webpack@^1.8.5 /Users/david/git/react-flexbox-svg
14 verbose already installed skipping webpack-dev-server@^1.8.0 /Users/david/git/react-flexbox-svg
15 verbose already installed skipping react@0.15.0-alpha /Users/david/git/react-flexbox-svg
16 verbose already installed skipping css-layout@0.0.2 /Users/david/git/react-flexbox-svg
17 verbose already installed skipping wolfy87-eventemitter@^4.2.11 /Users/david/git/react-flexbox-svg
18 verbose already installed skipping babel@^5.1.11 /Users/david/git/react-flexbox-svg
19 verbose already installed skipping babel-core@^5.1.10 /Users/david/git/react-flexbox-svg
20 verbose already installed skipping babel-loader@^5.0.0 /Users/david/git/react-flexbox-svg
21 silly install resolved []
22 info build /Users/david/git/react-flexbox-svg
23 verbose linkStuff [ false, false, false, '/Users/david/git' ]
24 info linkStuff react-flexbox-svg@0.9.0
25 verbose linkBins react-flexbox-svg@0.9.0
26 verbose linkMans react-flexbox-svg@0.9.0
27 verbose rebuildBundles react-flexbox-svg@0.9.0
28 verbose rebuildBundles [ '.bin',
28 verbose rebuildBundles   'babel',
28 verbose rebuildBundles   'babel-core',
28 verbose rebuildBundles   'babel-loader',
28 verbose rebuildBundles   'babel-runtime',
28 verbose rebuildBundles   'css-layout',
28 verbose rebuildBundles   'react',
28 verbose rebuildBundles   'webpack',
28 verbose rebuildBundles   'webpack-dev-server',
28 verbose rebuildBundles   'wolfy87-eventemitter' ]
29 verbose rebuild bundle /Users/david/git/react-flexbox-svg/node_modules/react
30 info build /Users/david/git/react-flexbox-svg/node_modules/react
31 info preinstall react@0.14.0-alpha
32 verbose linkStuff [ false,
32 verbose linkStuff   false,
32 verbose linkStuff   false,
32 verbose linkStuff   '/Users/david/git/react-flexbox-svg/node_modules' ]
33 info linkStuff react@0.14.0-alpha
34 verbose linkBins react@0.14.0-alpha
35 verbose linkMans react@0.14.0-alpha
36 verbose rebuildBundles react@0.14.0-alpha
37 verbose rebuildBundles [ 'envify' ]
38 info install react@0.14.0-alpha
39 info postinstall react@0.14.0-alpha
40 info install react-flexbox-svg@0.9.0
41 info postinstall react-flexbox-svg@0.9.0
42 info prepublish react-flexbox-svg@0.9.0
43 verbose unsafe-perm in lifecycle true
44 verbose stack Error: The package react does not satisfy its siblings' peerDependencies requirements!
44 verbose stack     at /Users/david/.nvm/versions/io.js/v1.6.3/lib/node_modules/npm/lib/install.js:125:32
44 verbose stack     at /Users/david/.nvm/versions/io.js/v1.6.3/lib/node_modules/npm/lib/install.js:264:7
44 verbose stack     at /Users/david/.nvm/versions/io.js/v1.6.3/lib/node_modules/npm/node_modules/read-installed/read-installed.js:138:5
44 verbose stack     at /Users/david/.nvm/versions/io.js/v1.6.3/lib/node_modules/npm/node_modules/read-installed/read-installed.js:251:14
44 verbose stack     at cb (/Users/david/.nvm/versions/io.js/v1.6.3/lib/node_modules/npm/node_modules/slide/lib/async-map.js:47:24)
44 verbose stack     at /Users/david/.nvm/versions/io.js/v1.6.3/lib/node_modules/npm/node_modules/read-installed/read-installed.js:251:14
44 verbose stack     at cb (/Users/david/.nvm/versions/io.js/v1.6.3/lib/node_modules/npm/node_modules/slide/lib/async-map.js:47:24)
44 verbose stack     at /Users/david/.nvm/versions/io.js/v1.6.3/lib/node_modules/npm/node_modules/read-installed/read-installed.js:251:14
44 verbose stack     at cb (/Users/david/.nvm/versions/io.js/v1.6.3/lib/node_modules/npm/node_modules/slide/lib/async-map.js:47:24)
44 verbose stack     at /Users/david/.nvm/versions/io.js/v1.6.3/lib/node_modules/npm/node_modules/read-installed/read-installed.js:251:14
45 verbose cwd /Users/david/git/react-flexbox-svg
46 error Darwin 14.3.0
47 error argv "/Users/david/.nvm/versions/io.js/v1.6.3/bin/iojs" "/Users/david/.nvm/versions/io.js/v1.6.3/bin/npm" "install"
48 error node v1.6.3
49 error npm  v2.7.4
50 error code EPEERINVALID
51 error peerinvalid The package react does not satisfy its siblings' peerDependencies requirements!
52 verbose exit [ 1, true ]
